0 info it worked if it ends with ok
1 verbose cli [ 'C:\\Program Files\\nodejs\\node.exe',
1 verbose cli   'C:\\Users\\Taitulism\\AppData\\Roaming\\npm\\node_modules\\npm\\bin\\npm-cli.js',
1 verbose cli   'run',
1 verbose cli   'lint' ]
2 info using npm@3.10.9
3 info using node@v6.3.0
4 verbose run-script [ 'prelint', 'lint', 'postlint' ]
5 info lifecycle black-hole@0.0.0~prelint: black-hole@0.0.0
6 silly lifecycle black-hole@0.0.0~prelint: no script for prelint, continuing
7 info lifecycle black-hole@0.0.0~lint: black-hole@0.0.0
8 verbose lifecycle black-hole@0.0.0~lint: unsafe-perm in lifecycle true
9 verbose lifecycle black-hole@0.0.0~lint: PATH: C:\Users\Taitulism\AppData\Roaming\npm\node_modules\npm\bin\node-gyp-bin;C:\Users\Taitulism\Google Drive\Code\Node\my_modules\black-hole\node_modules\.bin;C:\Program Files - Misc\cmder\bin;C:\Program Files - Misc\cmder\vendor\git-for-windows\bin;C:\Program Files - Misc\cmder\vendor\git-for-windows\usr\bin;C:\Program Files - Misc\cmder\vendor\git-for-windows\share\vim\vim74;C:\Program Files - Misc\cmder\vendor\conemu-maximus5\ConEmu\Scripts;C:\Program Files - Misc\cmder\vendor\conemu-maximus5;C:\Program Files - Misc\cmder\vendor\conemu-maximus5\ConEmu;C:\WINDOWS\system32;C:\WINDOWS;C:\WINDOWS\System32\Wbem;C:\WINDOWS\System32\WindowsPowerShell\v1.0\;C:\Program Files\nodejs\;;C:\Program Files (x86)\Microsoft VS Code\bin;C:\Users\Taitulism\AppData\Roaming\npm;%USERPROFILE%\AppData\Local\Microsoft\WindowsApps;C:\Program Files - Misc\cmder
10 verbose lifecycle black-hole@0.0.0~lint: CWD: C:\Users\Taitulism\Google Drive\Code\Node\my_modules\black-hole
11 silly lifecycle black-hole@0.0.0~lint: Args: [ '/d /s /c', 'eslint ./index.js ./lib' ]
12 silly lifecycle black-hole@0.0.0~lint: Returned: code: 1  signal: null
13 info lifecycle black-hole@0.0.0~lint: Failed to exec lint script
14 verbose stack Error: black-hole@0.0.0 lint: `eslint ./index.js ./lib`
14 verbose stack Exit status 1
14 verbose stack     at EventEmitter.<anonymous> (C:\Users\Taitulism\AppData\Roaming\npm\node_modules\npm\lib\utils\lifecycle.js:255:16)
14 verbose stack     at emitTwo (events.js:106:13)
14 verbose stack     at EventEmitter.emit (events.js:191:7)
14 verbose stack     at ChildProcess.<anonymous> (C:\Users\Taitulism\AppData\Roaming\npm\node_modules\npm\lib\utils\spawn.js:40:14)
14 verbose stack     at emitTwo (events.js:106:13)
14 verbose stack     at ChildProcess.emit (events.js:191:7)
14 verbose stack     at maybeClose (internal/child_process.js:852:16)
14 verbose stack     at Process.ChildProcess._handle.onexit (internal/child_process.js:215:5)
15 verbose pkgid black-hole@0.0.0
16 verbose cwd C:\Users\Taitulism\Google Drive\Code\Node\my_modules\black-hole
17 error Windows_NT 10.0.14393
18 error argv "C:\\Program Files\\nodejs\\node.exe" "C:\\Users\\Taitulism\\AppData\\Roaming\\npm\\node_modules\\npm\\bin\\npm-cli.js" "run" "lint"
19 error node v6.3.0
20 error npm  v3.10.9
21 error code ELIFECYCLE
22 error black-hole@0.0.0 lint: `eslint ./index.js ./lib`
22 error Exit status 1
23 error Failed at the black-hole@0.0.0 lint script 'eslint ./index.js ./lib'.
23 error Make sure you have the latest version of node.js and npm installed.
23 error If you do, this is most likely a problem with the black-hole package,
23 error not with npm itself.
23 error Tell the author that this fails on your system:
23 error     eslint ./index.js ./lib
23 error You can get information on how to open an issue for this project with:
23 error     npm bugs black-hole
23 error Or if that isn't available, you can get their info via:
23 error     npm owner ls black-hole
23 error There is likely additional logging output above.
24 verbose exit [ 1, true ]
